[13:38:56] [Client thread/ERROR]: Can't find the resource index file: assets\indexes\1.8.json
[13:38:56] [Client thread/INFO]: Setting user: Player546
[13:38:56] [Client thread/INFO]: (Session ID is token:0:Player546)
[13:38:56] [Client thread/INFO]: [OptiFine] *** Reflector Forge ***
[13:38:56] [Client thread/INFO]: [OptiFine] *** Reflector Vanilla ***
[13:38:56] [Client thread/INFO]: [OptiFine] (Reflector) Class not present: net.minecraftforge.fml.common.eventhandler.Event$Result
[13:38:56] [Client thread/INFO]: [OptiFine] (Reflector) Class not present: net.minecraft.launchwrapper.Launch
[13:38:56] [Client thread/INFO]: LWJGL Version: 2.9.4
[13:38:56] [Client thread/INFO]: [OptiFine] 
[13:38:56] [Client thread/INFO]: [OptiFine] OptiFine_1.8.9_HD_U_M6_pre2
[13:38:56] [Client thread/INFO]: [OptiFine] Build: null
[13:38:56] [Client thread/INFO]: [OptiFine] OS: Windows 10 (amd64) version 10.0
[13:38:56] [Client thread/INFO]: [OptiFine] Java: 1.8.0_291, Oracle Corporation
[13:38:56] [Client thread/INFO]: [OptiFine] VM: Java HotSpot(TM) 64-Bit Server VM (mixed mode), Oracle Corporation
[13:38:56] [Client thread/INFO]: [OptiFine] LWJGL: 2.9.4
[13:38:56] [Client thread/INFO]: [OptiFine] OpenGL: NVIDIA GeForce GTX 1050 Ti/PCIe/SSE2, version 4.6.0 NVIDIA 516.94, NVIDIA Corporation
[13:38:56] [Client thread/INFO]: [OptiFine] OpenGL Version: 4.6.0
[13:38:56] [Client thread/INFO]: [OptiFine] Maximum texture size: 32768x32768
[13:38:56] [VersionCheck/INFO]: [OptiFine] Checking for new version
[13:38:56] [Client thread/INFO]: [Shaders] OpenGL Version: 4.6.0 NVIDIA 516.94
[13:38:56] [Client thread/INFO]: [Shaders] Vendor:  NVIDIA Corporation
[13:38:56] [Client thread/INFO]: [Shaders] Renderer: NVIDIA GeForce GTX 1050 Ti/PCIe/SSE2
[13:38:56] [Client thread/INFO]: [Shaders] Capabilities:  2.0  2.1  3.0  3.2  4.0 
[13:38:56] [Client thread/INFO]: [Shaders] GL_MAX_DRAW_BUFFERS: 8
[13:38:56] [Client thread/INFO]: [Shaders] GL_MAX_COLOR_ATTACHMENTS_EXT: 8
[13:38:56] [Client thread/INFO]: [Shaders] GL_MAX_TEXTURE_IMAGE_UNITS: 32
[13:38:56] [Client thread/INFO]: [Shaders] Load shaders configuration.
[13:38:56] [Client thread/INFO]: [Shaders] Save shaders configuration.
[13:38:56] [Client thread/INFO]: [Shaders] No shaderpack loaded.
[13:38:56] [Client thread/INFO]: [OptiFine] (Reflector) Class not present: net.minecraftforge.fml.common.Loader
[13:38:56] [Client thread/INFO]: [OptiFine] (Reflector) Class not present: net.minecraftforge.fml.client.SplashProgress
[13:38:56] [Client thread/INFO]: Reloading ResourceManager: Default
[13:38:56] [Client thread/INFO]: [OptiFine] (Reflector) Class not present: optifine.OptiFineClassTransformer
[13:38:56] [Client thread/INFO]: [OptiFine] *** Reloading textures ***
[13:38:56] [Client thread/INFO]: [OptiFine] Resource packs: Default
[13:38:57] [VersionCheck/INFO]: [OptiFine] Version found: M5
[13:38:57] [Client thread/INFO]: [OptiFine] (Reflector) Class not present: net.minecraftforge.client.model.Attributes
[13:38:57] [Client thread/INFO]: [OptiFine] (Reflector) Method not present: net.minecraft.client.renderer.vertex.VertexFormatElement$EnumUsage.preDraw
[13:38:57] [Client thread/INFO]: [OptiFine] (Reflector) Method not present: net.minecraft.client.renderer.vertex.VertexFormatElement$EnumUsage.postDraw
[13:38:57] [Client thread/ERROR]: Couldn't initialize twitch stream
[13:38:57] [Sound Library Loader/INFO]: Starting up SoundSystem...
[13:38:57] [Thread-5/INFO]: Initializing LWJGL OpenAL
[13:38:57] [Thread-5/INFO]: (The LWJGL binding of OpenAL.  For more information, see http://www.lwjgl.org)
[13:38:57] [Thread-5/ERROR]: Error in class 'LibraryLWJGLOpenAL'
[13:38:57] [Thread-5/ERROR]: Unable to initialize OpenAL.  Probable cause: OpenAL not supported.
[13:38:57] [Thread-5/WARN]: ERROR MESSAGE:
[13:38:57] [Thread-5/INFO]: Could not locate OpenAL library.
[13:38:57] [Thread-5/WARN]: STACK TRACE:
[13:38:57] [Thread-5/INFO]: org.lwjgl.openal.AL.create(AL.java:156)
[13:38:57] [Thread-5/INFO]: org.lwjgl.openal.AL.create(AL.java:102)
[13:38:57] [Thread-5/INFO]: org.lwjgl.openal.AL.create(AL.java:206)
[13:38:57] [Thread-5/INFO]: paulscode.sound.libraries.LibraryLWJGLOpenAL.init(LibraryLWJGLOpenAL.java:164)
[13:38:57] [Thread-5/INFO]: paulscode.sound.SoundSystem.CommandNewLibrary(SoundSystem.java:1576)
[13:38:57] [Thread-5/INFO]: paulscode.sound.SoundSystem.CommandQueue(SoundSystem.java:2572)
[13:38:57] [Thread-5/INFO]: paulscode.sound.CommandThread.run(CommandThread.java:121)
[13:38:57] [Client thread/INFO]: [OptiFine] (Reflector) Class not present: net.minecraftforge.client.ForgeHooksClient
[13:38:57] [Sound Library Loader/WARN]: ERROR MESSAGE:
[13:38:57] [Sound Library Loader/INFO]: Could not locate OpenAL library.
[13:38:57] [Sound Library Loader/INFO]: Starting up SoundSystem...
[13:38:57] [Thread-7/INFO]: Switching to No Sound
[13:38:57] [Thread-7/INFO]: (Silent Mode)
[13:38:58] [Client thread/INFO]: [OptiFine] Mipmap levels: 4
[13:38:58] [Client thread/INFO]: [OptiFine] Multitexture: false
[13:38:58] [Client thread/INFO]: [OptiFine] Multipass connected textures: false
[13:38:58] [Client thread/ERROR]: Using missing texture, unable to load minecraft:mcpatcher/ctm/default/empty.png, java.io.FileNotFoundException
[13:38:58] [Client thread/INFO]: [OptiFine] (Reflector) Class not present: net.minecraftforge.fml.client.FMLClientHandler
[13:38:58] [Sound Library Loader/INFO]: Sound engine started
[13:38:58] [Client thread/INFO]: Created: 512x512 textures-atlas
[13:38:58] [Client thread/INFO]: [OptiFine] Animated sprites: 11
[13:38:58] [Client thread/INFO]: [OptiFine] (Reflector) Class not present: net.minecraftforge.client.model.ModelLoader
[13:38:58] [Client thread/INFO]: [OptiFine] (Reflector) Class not present: net.minecraftforge.client.ItemModelMesherForge
[13:38:58] [Client thread/INFO]: [OptiFine] (Reflector) Class not present: net.minecraftforge.fml.client.registry.RenderingRegistry
[13:38:58] [Client thread/INFO]: [OptiFine] (Reflector) Class not present: net.minecraftforge.common.ForgeModContainer
[13:38:58] [Client thread/INFO]: [OptiFine] (Reflector) Class not present: net.minecraftforge.fml.client.GuiModList
[13:38:58] [Client thread/ERROR]: Realms module missing
java.lang.ClassNotFoundException: com.mojang.realmsclient.gui.screens.RealmsNotificationsScreen
	at java.net.URLClassLoader.findClass(URLClassLoader.java:382) ~[?:1.8.0_291]
	at java.lang.ClassLoader.loadClass(ClassLoader.java:418) ~[?:1.8.0_291]
	at sun.misc.Launcher$AppClassLoader.loadClass(Launcher.java:355) ~[?:1.8.0_291]
	at java.lang.ClassLoader.loadClass(ClassLoader.java:351) ~[?:1.8.0_291]
	at java.lang.Class.forName0(Native Method) ~[?:1.8.0_291]
	at java.lang.Class.forName(Class.java:264) ~[?:1.8.0_291]
	at net.minecraft.realms.RealmsBridge.getNotificationScreen(RealmsBridge.java:38) [main/:?]
	at net.minecraft.client.gui.GuiMainMenu.initGui(GuiMainMenu.java:214) [main/:?]
	at net.minecraft.client.gui.GuiScreen.setWorldAndResolution(GuiScreen.java:483) [main/:?]
	at net.minecraft.client.Minecraft.displayGuiScreen(Minecraft.java:911) [main/:?]
	at net.minecraft.client.Minecraft.startGame(Minecraft.java:495) [main/:?]
	at net.minecraft.client.Minecraft.run(Minecraft.java:327) [main/:?]
	at net.minecraft.client.main.Main.main(Main.java:113) [main/:?]
	at Start.main(Start.java:11) [main/:?]
[13:38:58] [Client thread/INFO]: [OptiFine] (Reflector) Class not present: mods.betterfoliage.client.BetterFoliageClient
[13:38:58] [Client thread/INFO]: [OptiFine] (Reflector) Class not present: net.minecraftforge.fml.common.asm.transformers.BlamingTransformer
[13:38:58] [Client thread/INFO]: [OptiFine] (Reflector) Class not present: net.minecraftforge.event.world.ChunkWatchEvent$UnWatch
[13:38:58] [Client thread/INFO]: [OptiFine] (Reflector) Class not present: net.minecraftforge.fml.relauncher.CoreModManager
[13:38:58] [Client thread/INFO]: [OptiFine] (Reflector) Class not present: net.minecraftforge.common.DimensionManager
[13:38:58] [Client thread/INFO]: [OptiFine] (Reflector) Class not present: net.minecraftforge.client.event.GuiScreenEvent$DrawScreenEvent$Pre
[13:38:58] [Client thread/INFO]: [OptiFine] (Reflector) Class not present: net.minecraftforge.client.event.GuiScreenEvent$DrawScreenEvent$Post
[13:38:58] [Client thread/INFO]: [OptiFine] (Reflector) Class not present: net.minecraftforge.client.event.EntityViewRenderEvent$CameraSetup
[13:38:58] [Client thread/INFO]: [OptiFine] (Reflector) Class not present: net.minecraftforge.client.event.EntityViewRenderEvent$FogColors
[13:38:58] [Client thread/INFO]: [OptiFine] (Reflector) Class not present: net.minecraftforge.fml.common.eventhandler.Event
[13:38:58] [Client thread/INFO]: [OptiFine] (Reflector) Class not present: net.minecraftforge.fml.common.eventhandler.EventBus
[13:38:58] [Client thread/INFO]: [OptiFine] (Reflector) Class not present: net.minecraftforge.common.property.ExtendedBlockState
[13:38:58] [Client thread/INFO]: [OptiFine] (Reflector) Class not present: net.minecraftforge.fml.common.FMLCommonHandler
[13:38:58] [Client thread/INFO]: [OptiFine] (Reflector) Method not present: net.minecraft.world.biome.BiomeGenBase.getWaterColorMultiplier
[13:38:58] [Client thread/INFO]: [OptiFine] (Reflector) Method not present: net.minecraft.block.Block.addDestroyEffects
[13:38:58] [Client thread/INFO]: [OptiFine] (Reflector) Method not present: net.minecraft.block.Block.addHitEffects
[13:38:58] [Client thread/INFO]: [OptiFine] (Reflector) Method not present: net.minecraft.block.Block.canCreatureSpawn
[13:38:58] [Client thread/INFO]: [OptiFine] (Reflector) Method not present: net.minecraft.block.Block.canRenderInLayer
[13:38:58] [Client thread/INFO]: [OptiFine] (Reflector) Method not present: net.minecraft.block.Block.doesSideBlockRendering
[13:38:58] [Client thread/INFO]: [OptiFine] (Reflector) Method not present: net.minecraft.block.Block.getBedDirection
[13:38:58] [Client thread/INFO]: [OptiFine] (Reflector) Method not present: net.minecraft.block.Block.getExtendedState
[13:38:58] [Client thread/INFO]: [OptiFine] (Reflector) Method not present: net.minecraft.block.Block.getLightOpacity
[13:38:58] [Client thread/INFO]: [OptiFine] (Reflector) Method not present: net.minecraft.block.Block.getLightValue
[13:38:58] [Client thread/INFO]: [OptiFine] (Reflector) Method not present: net.minecraft.block.Block.hasTileEntity
[13:38:58] [Client thread/INFO]: [OptiFine] (Reflector) Method not present: net.minecraft.block.Block.isAir
[13:38:58] [Client thread/INFO]: [OptiFine] (Reflector) Method not present: net.minecraft.block.Block.isBed
[13:38:58] [Client thread/INFO]: [OptiFine] (Reflector) Method not present: net.minecraft.block.Block.isBedFoot
[13:38:58] [Client thread/INFO]: [OptiFine] (Reflector) Method not present: net.minecraft.block.Block.isSideSolid
[13:38:58] [Client thread/INFO]: [OptiFine] (Reflector) Method not present: net.minecraft.world.ChunkCache.isSideSolid
[13:38:58] [Client thread/INFO]: [OptiFine] (Reflector) Method not present: net.minecraft.entity.Entity.canRiderInteract
[13:38:58] [Client thread/INFO]: [OptiFine] (Reflector) Field not present: net.minecraft.entity.Entity.captureDrops
[13:38:58] [Client thread/INFO]: [OptiFine] (Reflector) Field not present: net.minecraft.entity.Entity.capturedDrops
[13:38:58] [Client thread/INFO]: [OptiFine] (Reflector) Method not present: net.minecraft.entity.Entity.shouldRenderInPass
[13:38:58] [Client thread/INFO]: [OptiFine] (Reflector) Method not present: net.minecraft.entity.Entity.shouldRiderSit
[13:38:58] [Client thread/INFO]: [OptiFine] (Reflector) Class not present: net.minecraftforge.event.ForgeEventFactory
[13:38:58] [Client thread/INFO]: [OptiFine] (Reflector) Class not present: net.minecraftforge.common.ForgeHooks
[13:38:58] [Client thread/INFO]: [OptiFine] (Reflector) Field not present: net.minecraft.item.Item.delegate
[13:38:58] [Client thread/INFO]: [OptiFine] (Reflector) Method not present: net.minecraft.item.Item.getDurabilityForDisplay
[13:38:58] [Client thread/INFO]: [OptiFine] (Reflector) Method not present: net.minecraft.item.Item.getModel
[13:38:58] [Client thread/INFO]: [OptiFine] (Reflector) Method not present: net.minecraft.item.Item.onEntitySwing
[13:38:58] [Client thread/INFO]: [OptiFine] (Reflector) Method not present: net.minecraft.item.Item.shouldCauseReequipAnimation
[13:38:58] [Client thread/INFO]: [OptiFine] (Reflector) Method not present: net.minecraft.item.Item.showDurabilityBar
[13:38:58] [Client thread/INFO]: [OptiFine] (Reflector) Method not present: net.minecraft.potion.PotionEffect.isCurativeItem
[13:38:58] [Client thread/INFO]: [OptiFine] (Reflector) Method not present: net.minecraft.tileentity.TileEntity.canRenderBreaking
[13:38:58] [Client thread/INFO]: [OptiFine] (Reflector) Method not present: net.minecraft.tileentity.TileEntity.getRenderBoundingBox
[13:38:58] [Client thread/INFO]: [OptiFine] (Reflector) Method not present: net.minecraft.tileentity.TileEntity.hasFastRenderer
[13:38:58] [Client thread/INFO]: [OptiFine] (Reflector) Method not present: net.minecraft.tileentity.TileEntity.shouldRenderInPass
[13:38:58] [Client thread/INFO]: [OptiFine] (Reflector) Method not present: net.minecraft.world.World.countEntities
[13:38:58] [Client thread/INFO]: [OptiFine] (Reflector) Method not present: net.minecraft.world.World.getPerWorldStorage
[13:38:58] [Client thread/INFO]: [OptiFine] (Reflector) Method not present: net.minecraft.world.WorldProvider.getCloudRenderer
[13:38:58] [Client thread/INFO]: [OptiFine] (Reflector) Method not present: net.minecraft.world.WorldProvider.getSkyRenderer
[13:38:58] [Client thread/INFO]: [OptiFine] (Reflector) Method not present: net.minecraft.world.WorldProvider.getWeatherRenderer
[13:38:58] [Client thread/INFO]: [OptiFine] (Reflector) Method not present: net.minecraft.world.WorldProvider.getSaveFolder
[13:38:58] [Client thread/INFO]: [OptiFine] (Reflector) Class not present: net.minecraftforge.client.model.IColoredBakedQuad
[13:38:58] [Client thread/INFO]: [OptiFine] (Reflector) Class not present: net.minecraftforge.common.property.IExtendedBlockState
[13:38:58] [Client thread/INFO]: [OptiFine] (Reflector) Class not present: net.minecraftforge.client.model.IModel
[13:38:58] [Client thread/INFO]: [OptiFine] (Reflector) Class not present: net.minecraftforge.client.IRenderHandler
[13:38:58] [Client thread/INFO]: [OptiFine] (Reflector) Class not present: net.minecraftforge.client.model.pipeline.LightUtil
[13:38:58] [Client thread/INFO]: [OptiFine] (Reflector) Class not present: net.minecraftforge.common.MinecraftForge
[13:38:58] [Client thread/INFO]: [OptiFine] (Reflector) Class not present: net.minecraftforge.client.MinecraftForgeClient
[13:38:58] [Client thread/INFO]: [OptiFine] (Reflector) Class not present: net.minecraftforge.fml.common.ModContainer
[13:38:58] [Client thread/INFO]: [OptiFine] (Reflector) Class not present: net.minecraftforge.client.model.ModelLoader$VanillaLoader
[13:38:58] [Client thread/INFO]: [OptiFine] (Reflector) Class not present: net.minecraftforge.client.event.RenderBlockOverlayEvent$OverlayType
[13:38:58] [Client thread/INFO]: [OptiFine] (Reflector) Class not present: net.minecraftforge.client.event.RenderItemInFrameEvent
[13:38:58] [Client thread/INFO]: [OptiFine] (Reflector) Class not present: net.minecraftforge.client.event.RenderLivingEvent$Pre
[13:38:58] [Client thread/INFO]: [OptiFine] (Reflector) Class not present: net.minecraftforge.client.event.RenderLivingEvent$Post
[13:38:58] [Client thread/INFO]: [OptiFine] (Reflector) Class not present: net.minecraftforge.client.event.RenderLivingEvent$Specials$Pre
[13:38:58] [Client thread/INFO]: [OptiFine] (Reflector) Class not present: net.minecraftforge.client.event.RenderLivingEvent$Specials$Post
[13:38:58] [Client thread/INFO]: [OptiFine] (Reflector) Class not present: net.minecraftforge.event.world.WorldEvent$Load
[13:38:58] [Client thread/INFO]: [OptiFine] *** Reloading custom textures ***
[13:38:58] [Client thread/INFO]: [OptiFine] Enable face culling: acacia_leaves, birch_leaves, dark_oak_leaves, jungle_leaves, oak_leaves, spruce_leaves
[13:39:00] [Client thread/WARN]: Unable to play unknown soundEvent: minecraft:gui.button.press
[13:39:00] [Client thread/INFO]: Stopping!
[13:39:00] [Client thread/INFO]: SoundSystem shutting down...
[13:39:00] [Client thread/WARN]: Author: Paul Lamb, www.paulscode.com
